<?xml version="1.0" encoding="UTF-8"?>
<testng-results ignored="0" total="1" passed="1" failed="0" skipped="0">
  <reporter-output>
  </reporter-output>
  <suite started-at="2022-02-20T21:38:36 IST" name="Default suite" finished-at="2022-02-20T21:38:39 IST" duration-ms="3288">
    <groups>
    </groups>
    <test started-at="2022-02-20T21:38:36 IST" name="Default test" finished-at="2022-02-20T21:38:39 IST" duration-ms="3288">
      <class name="restAssuredtests.Demo_GetRequest">
        <test-method signature="getCircuitDetails()[pri:0, instance:restAssuredtests.Demo_GetRequest@732c2a62]" started-at="2022-02-20T21:38:36 IST" name="getCircuitDetails" finished-at="2022-02-20T21:38:39 IST" duration-ms="3251" status="PASS">
          <reporter-output>
          </reporter-output>
        </test-method> <!-- getCircuitDetails -->
      </class> <!-- restAssuredtests.Demo_GetRequest -->
    </test> <!-- Default test -->
  </suite> <!-- Default suite -->
</testng-results>
